                                                                   
                                                                   
WDPM_add 1.0 - Wetland DEM Ponding Model - parallel version
Copyright (C) 2010,2012 Kevin Shook, Centre for Hydrology
--------------------------------------------------------------------
                                                                   
This program is free software: you can redistribute it and/or modify
it under the terms of the GNU General Public License as published by
the Free Software Foundation, either version 3 of the License, or
(at your option) any later version.
                                                                   
This program is distributed in the hope that it will be useful,
but WITHOUT ANY WARRANTY; without even the implied warranty of
MERCHANTABILITY or FITNESS FOR A PARTICULAR PURPOSE.  See the
GNU General Public License for more details.
                                                                   
You should have received a copy of the GNU General Public License
along with this program.  If not, see <http://www.gnu.org/licenses/>.
                                                                   
This program adds water to an ArcGIS ASCII file of water runoff
and redistributes water over the DEM
From the algorithm of Shapiro, M., & Westervelt, J. (1992). 
An Algebra for GIS and Image Processing (pp. 1-22).
                                                                   
                                                                   
               WDPM Parameters
                Function used: add
                     DEM file: basin5.asc
                   Water file: null
                  Output file: water.asc
                 Scratch file: null
                  Water added: 3.0 mm
              Runoff fraction: 1.0
          Elevation tolerance: 1.0 mm
         Zero depth threshold: 0.0000 mm
               
    Using Parallel OpenCL for Computation
             No iteration limit specified
                  
            ArcGIS file header
                         NCOLS 471
                         NROWS 482
                     XLLCORNER  313420.0
                     YLLCORNER 5632511.0
                      CELLSIZE      10.0
                  NODATA_VALUE  -99999.0
           Setting array sizes
           
118 
        Using OpenCL GPU for Computation
0 
0 
         section size    iteration column size    start from 
0 :         118                  116            0   
1 :         118                  116            117   
2 :         118                  116            234   
3 :         119                  117            351   
           
    Water file will be created
               
            Doing calculations
     iterations        max diff        run time
                         (m)             (s)
        1000         0.430261           0.92
        2000         0.165586           2.06
        3000         0.153805           3.36
        4000         0.022115           4.71
        5000         0.009700           6.05
        6000         0.004253           7.45
        7000         0.001822           8.88
        8000         0.000765          10.32
                     
              WDPM run summary
      Initial volume        0.0 m3
        Final volume    33010.8 m3
       Volume change    33010.8 m3
Final water coverage      0.063 
    Mean water depth       47.6 mm
     Max water depth      491.5 mm 
     Iteration limit 0
            Run Time      12.44 s
Thu Jun 20 15:53:04 2024       
+-----------------------------------------------------------------------------------------+
| NVIDIA-SMI 550.54.15              Driver Version: 550.54.15      CUDA Version: 12.4     |
|-----------------------------------------+------------------------+----------------------+
| GPU  Name                 Persistence-M | Bus-Id          Disp.A | Volatile Uncorr. ECC |
| Fan  Temp   Perf          Pwr:Usage/Cap |           Memory-Usage | GPU-Util  Compute M. |
|                                         |                        |               MIG M. |
|=========================================+========================+======================|
|   0  Tesla P100-PCIE-12GB           On  |   00000000:03:00.0 Off |                    0 |
| N/A   32C    P0             29W /  250W |       0MiB /  12288MiB |      8%      Default |
|                                         |                        |                  N/A |
+-----------------------------------------+------------------------+----------------------+
|   1  Tesla P100-PCIE-12GB           On  |   00000000:04:00.0 Off |                    0 |
| N/A   32C    P0             29W /  250W |       0MiB /  12288MiB |      0%      Default |
|                                         |                        |                  N/A |
+-----------------------------------------+------------------------+----------------------+
|   2  Tesla P100-PCIE-12GB           On  |   00000000:82:00.0 Off |                    0 |
| N/A   32C    P0             29W /  250W |       0MiB /  12288MiB |      0%      Default |
|                                         |                        |                  N/A |
+-----------------------------------------+------------------------+----------------------+
|   3  Tesla P100-PCIE-12GB           On  |   00000000:83:00.0 Off |                    0 |
| N/A   31C    P0             29W /  250W |       0MiB /  12288MiB |      8%      Default |
|                                         |                        |                  N/A |
+-----------------------------------------+------------------------+----------------------+
                                                                                         
+-----------------------------------------------------------------------------------------+
| Processes:                                                                              |
|  GPU   GI   CI        PID   Type   Process name                              GPU Memory |
|        ID   ID                                                               Usage      |
|=========================================================================================|
|  No running processes found                                                             |
+-----------------------------------------------------------------------------------------+
                                                                   
                                                                   
WDPM_add 1.0 - Wetland DEM Ponding Model - parallel version
Copyright (C) 2010,2012 Kevin Shook, Centre for Hydrology
--------------------------------------------------------------------
                                                                   
This program is free software: you can redistribute it and/or modify
it under the terms of the GNU General Public License as published by
the Free Software Foundation, either version 3 of the License, or
(at your option) any later version.
                                                                   
This program is distributed in the hope that it will be useful,
but WITHOUT ANY WARRANTY; without even the implied warranty of
MERCHANTABILITY or FITNESS FOR A PARTICULAR PURPOSE.  See the
GNU General Public License for more details.
                                                                   
You should have received a copy of the GNU General Public License
along with this program.  If not, see <http://www.gnu.org/licenses/>.
                                                                   
This program adds water to an ArcGIS ASCII file of water runoff
and redistributes water over the DEM
From the algorithm of Shapiro, M., & Westervelt, J. (1992). 
An Algebra for GIS and Image Processing (pp. 1-22).
                                                                   
                                                                   
               WDPM Parameters
                Function used: add
                     DEM file: basin5.asc
                   Water file: null
                  Output file: water.asc
                 Scratch file: null
                  Water added: 3.0 mm
              Runoff fraction: 1.0
          Elevation tolerance: 1.0 mm
         Zero depth threshold: 0.0000 mm
               
    Using Parallel OpenCL for Computation
             No iteration limit specified
                  
            ArcGIS file header
                         NCOLS 471
                         NROWS 482
                     XLLCORNER  313420.0
                     YLLCORNER 5632511.0
                      CELLSIZE      10.0
                  NODATA_VALUE  -99999.0
           Setting array sizes
           
The number of balance active cell is 27509 
        Using OpenCL GPU for Computation
section: 136, iteration: 134, offset: 0, cur_col: 135 
section: 73, iteration: 71, offset: 135, cur_col: 208 
section: 85, iteration: 83, offset: 207, cur_col: 293 
section: 179, iteration: 177, offset: 291, cur_col: 293 
         section size    iteration column size    start from 
0 :         136                  134            0   
1 :         73                  71            135   
2 :         85                  83            207   
3 :         179                  177            291   
           
    Water file will be created
               
            Doing calculations
     iterations        max diff        run time
                         (m)             (s)
        1000         0.430256           1.01
        2000         0.165632           2.27
        3000         0.153872           3.74
        4000         0.022119           5.30
        5000         0.009702           6.86
        6000         0.004253           8.47
        7000         0.001822          10.12
        8000         0.000765          11.78
                     
              WDPM run summary
      Initial volume        0.0 m3
        Final volume    33010.8 m3
       Volume change    33010.8 m3
Final water coverage      0.063 
    Mean water depth       47.6 mm
     Max water depth      491.5 mm 
     Iteration limit 0
            Run Time      11.92 s
Thu Jun 20 15:53:17 2024       
+-----------------------------------------------------------------------------------------+
| NVIDIA-SMI 550.54.15              Driver Version: 550.54.15      CUDA Version: 12.4     |
|-----------------------------------------+------------------------+----------------------+
| GPU  Name                 Persistence-M | Bus-Id          Disp.A | Volatile Uncorr. ECC |
| Fan  Temp   Perf          Pwr:Usage/Cap |           Memory-Usage | GPU-Util  Compute M. |
|                                         |                        |               MIG M. |
|=========================================+========================+======================|
|   0  Tesla P100-PCIE-12GB           On  |   00000000:03:00.0 Off |                    0 |
| N/A   32C    P0             29W /  250W |       0MiB /  12288MiB |      0%      Default |
|                                         |                        |                  N/A |
+-----------------------------------------+------------------------+----------------------+
|   1  Tesla P100-PCIE-12GB           On  |   00000000:04:00.0 Off |                    0 |
| N/A   32C    P0             29W /  250W |       0MiB /  12288MiB |      8%      Default |
|                                         |                        |                  N/A |
+-----------------------------------------+------------------------+----------------------+
|   2  Tesla P100-PCIE-12GB           On  |   00000000:82:00.0 Off |                    0 |
| N/A   32C    P0             29W /  250W |       0MiB /  12288MiB |      8%      Default |
|                                         |                        |                  N/A |
+-----------------------------------------+------------------------+----------------------+
|   3  Tesla P100-PCIE-12GB           On  |   00000000:83:00.0 Off |                    0 |
| N/A   31C    P0             29W /  250W |       0MiB /  12288MiB |      8%      Default |
|                                         |                        |                  N/A |
+-----------------------------------------+------------------------+----------------------+
                                                                                         
+-----------------------------------------------------------------------------------------+
| Processes:                                                                              |
|  GPU   GI   CI        PID   Type   Process name                              GPU Memory |
|        ID   ID                                                               Usage      |
|=========================================================================================|
|  No running processes found                                                             |
+-----------------------------------------------------------------------------------------+
                                                                   
                                                                   
WDPM_add 1.0 - Wetland DEM Ponding Model - parallel version
Copyright (C) 2010,2012 Kevin Shook, Centre for Hydrology
--------------------------------------------------------------------
                                                                   
This program is free software: you can redistribute it and/or modify
it under the terms of the GNU General Public License as published by
the Free Software Foundation, either version 3 of the License, or
(at your option) any later version.
                                                                   
This program is distributed in the hope that it will be useful,
but WITHOUT ANY WARRANTY; without even the implied warranty of
MERCHANTABILITY or FITNESS FOR A PARTICULAR PURPOSE.  See the
GNU General Public License for more details.
                                                                   
You should have received a copy of the GNU General Public License
along with this program.  If not, see <http://www.gnu.org/licenses/>.
                                                                   
This program adds water to an ArcGIS ASCII file of water runoff
and redistributes water over the DEM
From the algorithm of Shapiro, M., & Westervelt, J. (1992). 
An Algebra for GIS and Image Processing (pp. 1-22).
                                                                   
                                                                   
               WDPM Parameters
                Function used: add
                     DEM file: culvert_basin1_5m.asc
                   Water file: null
                  Output file: water.asc
                 Scratch file: null
                  Water added: 1.0 mm
              Runoff fraction: 1.0
          Elevation tolerance: 1.0 mm
         Zero depth threshold: 0.0000 mm
               
    Using Parallel OpenCL for Computation
             No iteration limit specified
                  
            ArcGIS file header
                         NCOLS 3794
                         NROWS 3986
                     XLLCORNER  289240.0
                     YLLCORNER 5645571.0
                      CELLSIZE       5.0
                  NODATA_VALUE  -99999.0
           Setting array sizes
           
949 
        Using OpenCL GPU for Computation
0 
0 
         section size    iteration column size    start from 
0 :         949                  947            0   
1 :         949                  947            948   
2 :         949                  947            1896   
3 :         949                  947            2844   
           
    Water file will be created
               
            Doing calculations
     iterations        max diff        run time
                         (m)             (s)
        1000         0.442728          14.68
        2000         0.063567          30.89
        3000         0.030458          49.11
        4000         0.035133          68.16
        5000         0.014203          87.09
        6000         0.006671         106.60
        7000         0.005243         126.36
        8000         0.007668         146.08
        9000         0.005946         165.76
        10000         0.003134         185.55
        11000         0.003602         205.15
        12000         0.003463         224.92
        13000         0.003325         244.51
        14000         0.003193         264.22
        15000         0.002939         283.88
        16000         0.002502         303.59
        17000         0.002272         323.25
        18000         0.002150         342.86
        19000         0.002039         362.62
        20000         0.001927         382.23
        21000         0.001704         402.00
        22000         0.001457         421.61
        23000         0.001016         441.38
        24000         0.000870         460.98
                     
              WDPM run summary
      Initial volume        0.0 m3
        Final volume   234321.8 m3
       Volume change   234321.8 m3
Final water coverage      0.051 
    Mean water depth       19.7 mm
     Max water depth      443.7 mm 
     Iteration limit 0
            Run Time     470.27 s
Thu Jun 20 16:01:14 2024       
+-----------------------------------------------------------------------------------------+
| NVIDIA-SMI 550.54.15              Driver Version: 550.54.15      CUDA Version: 12.4     |
|-----------------------------------------+------------------------+----------------------+
| GPU  Name                 Persistence-M | Bus-Id          Disp.A | Volatile Uncorr. ECC |
| Fan  Temp   Perf          Pwr:Usage/Cap |           Memory-Usage | GPU-Util  Compute M. |
|                                         |                        |               MIG M. |
|=========================================+========================+======================|
|   0  Tesla P100-PCIE-12GB           On  |   00000000:03:00.0 Off |                    0 |
| N/A   33C    P0             29W /  250W |       0MiB /  12288MiB |      0%      Default |
|                                         |                        |                  N/A |
+-----------------------------------------+------------------------+----------------------+
|   1  Tesla P100-PCIE-12GB           On  |   00000000:04:00.0 Off |                    0 |
| N/A   35C    P0             30W /  250W |       0MiB /  12288MiB |      8%      Default |
|                                         |                        |                  N/A |
+-----------------------------------------+------------------------+----------------------+
|   2  Tesla P100-PCIE-12GB           On  |   00000000:82:00.0 Off |                    0 |
| N/A   35C    P0             29W /  250W |       0MiB /  12288MiB |      8%      Default |
|                                         |                        |                  N/A |
+-----------------------------------------+------------------------+----------------------+
|   3  Tesla P100-PCIE-12GB           On  |   00000000:83:00.0 Off |                    0 |
| N/A   33C    P0             29W /  250W |       0MiB /  12288MiB |      8%      Default |
|                                         |                        |                  N/A |
+-----------------------------------------+------------------------+----------------------+
                                                                                         
+-----------------------------------------------------------------------------------------+
| Processes:                                                                              |
|  GPU   GI   CI        PID   Type   Process name                              GPU Memory |
|        ID   ID                                                               Usage      |
|=========================================================================================|
|  No running processes found                                                             |
+-----------------------------------------------------------------------------------------+
                                                                   
                                                                   
WDPM_add 1.0 - Wetland DEM Ponding Model - parallel version
Copyright (C) 2010,2012 Kevin Shook, Centre for Hydrology
--------------------------------------------------------------------
                                                                   
This program is free software: you can redistribute it and/or modify
it under the terms of the GNU General Public License as published by
the Free Software Foundation, either version 3 of the License, or
(at your option) any later version.
                                                                   
This program is distributed in the hope that it will be useful,
but WITHOUT ANY WARRANTY; without even the implied warranty of
MERCHANTABILITY or FITNESS FOR A PARTICULAR PURPOSE.  See the
GNU General Public License for more details.
                                                                   
You should have received a copy of the GNU General Public License
along with this program.  If not, see <http://www.gnu.org/licenses/>.
                                                                   
This program adds water to an ArcGIS ASCII file of water runoff
and redistributes water over the DEM
From the algorithm of Shapiro, M., & Westervelt, J. (1992). 
An Algebra for GIS and Image Processing (pp. 1-22).
                                                                   
                                                                   
               WDPM Parameters
                Function used: add
                     DEM file: culvert_basin1_5m.asc
                   Water file: null
                  Output file: water.asc
                 Scratch file: null
                  Water added: 1.0 mm
              Runoff fraction: 1.0
          Elevation tolerance: 1.0 mm
         Zero depth threshold: 0.0000 mm
               
    Using Parallel OpenCL for Computation
             No iteration limit specified
                  
            ArcGIS file header
                         NCOLS 3794
                         NROWS 3986
                     XLLCORNER  289240.0
                     YLLCORNER 5645571.0
                      CELLSIZE       5.0
                  NODATA_VALUE  -99999.0
           Setting array sizes
           
The number of balance active cell is 2343218 
        Using OpenCL GPU for Computation
section: 1414, iteration: 1412, offset: 0, cur_col: 1413 
section: 685, iteration: 683, offset: 1413, cur_col: 2098 
section: 691, iteration: 689, offset: 2097, cur_col: 2789 
section: 1006, iteration: 1004, offset: 2787, cur_col: 2789 
         section size    iteration column size    start from 
0 :         1414                  1412            0   
1 :         685                  683            1413   
2 :         691                  689            2097   
3 :         1006                  1004            2787   
           
    Water file will be created
               
            Doing calculations
     iterations        max diff        run time
                         (m)             (s)
        1000         0.442728          13.25
        2000         0.063567          28.29
        3000         0.030513          45.82
        4000         0.035133          64.19
        5000         0.014203          82.56
        6000         0.006671         101.41
        7000         0.005243         120.48
        8000         0.007668         139.68
        9000         0.005946         158.69
        10000         0.003134         177.84
        11000         0.003602         196.79
        12000         0.003463         215.85
        13000         0.003325         234.75
        14000         0.003193         253.63
        15000         0.002939         272.51
        16000         0.002502         291.28
        17000         0.002272         310.11
        18000         0.002150         328.84
        19000         0.002039         347.57
        20000         0.001927         366.22
        21000         0.001704         384.82
        22000         0.001457         403.40
        23000         0.001016         421.92
        24000         0.000870         440.41
                     
              WDPM run summary
      Initial volume        0.0 m3
        Final volume   234321.8 m3
       Volume change   234321.8 m3
Final water coverage      0.051 
    Mean water depth       19.7 mm
     Max water depth      443.7 mm 
     Iteration limit 0
            Run Time     449.40 s
Thu Jun 20 16:08:51 2024       
+-----------------------------------------------------------------------------------------+
| NVIDIA-SMI 550.54.15              Driver Version: 550.54.15      CUDA Version: 12.4     |
|-----------------------------------------+------------------------+----------------------+
| GPU  Name                 Persistence-M | Bus-Id          Disp.A | Volatile Uncorr. ECC |
| Fan  Temp   Perf          Pwr:Usage/Cap |           Memory-Usage | GPU-Util  Compute M. |
|                                         |                        |               MIG M. |
|=========================================+========================+======================|
|   0  Tesla P100-PCIE-12GB           On  |   00000000:03:00.0 Off |                    0 |
| N/A   34C    P0             29W /  250W |       0MiB /  12288MiB |      0%      Default |
|                                         |                        |                  N/A |
+-----------------------------------------+------------------------+----------------------+
|   1  Tesla P100-PCIE-12GB           On  |   00000000:04:00.0 Off |                    0 |
| N/A   34C    P0             30W /  250W |       0MiB /  12288MiB |      7%      Default |
|                                         |                        |                  N/A |
+-----------------------------------------+------------------------+----------------------+
|   2  Tesla P100-PCIE-12GB           On  |   00000000:82:00.0 Off |                    0 |
| N/A   34C    P0             29W /  250W |       0MiB /  12288MiB |      5%      Default |
|                                         |                        |                  N/A |
+-----------------------------------------+------------------------+----------------------+
|   3  Tesla P100-PCIE-12GB           On  |   00000000:83:00.0 Off |                    0 |
| N/A   33C    P0             30W /  250W |       0MiB /  12288MiB |      7%      Default |
|                                         |                        |                  N/A |
+-----------------------------------------+------------------------+----------------------+
                                                                                         
+-----------------------------------------------------------------------------------------+
| Processes:                                                                              |
|  GPU   GI   CI        PID   Type   Process name                              GPU Memory |
|        ID   ID                                                               Usage      |
|=========================================================================================|
|  No running processes found                                                             |
+-----------------------------------------------------------------------------------------+
                                                                   
                                                                   
WDPM_add 1.0 - Wetland DEM Ponding Model - parallel version
Copyright (C) 2010,2012 Kevin Shook, Centre for Hydrology
--------------------------------------------------------------------
                                                                   
This program is free software: you can redistribute it and/or modify
it under the terms of the GNU General Public License as published by
the Free Software Foundation, either version 3 of the License, or
(at your option) any later version.
                                                                   
This program is distributed in the hope that it will be useful,
but WITHOUT ANY WARRANTY; without even the implied warranty of
MERCHANTABILITY or FITNESS FOR A PARTICULAR PURPOSE.  See the
GNU General Public License for more details.
                                                                   
You should have received a copy of the GNU General Public License
along with this program.  If not, see <http://www.gnu.org/licenses/>.
                                                                   
This program adds water to an ArcGIS ASCII file of water runoff
and redistributes water over the DEM
From the algorithm of Shapiro, M., & Westervelt, J. (1992). 
An Algebra for GIS and Image Processing (pp. 1-22).
                                                                   
                                                                   
               WDPM Parameters
                Function used: add
                     DEM file: patched_YQ.asc
                   Water file: null
                  Output file: water.asc
                 Scratch file: null
                  Water added: 1.0 mm
              Runoff fraction: 1.0
          Elevation tolerance: 1.0 mm
         Zero depth threshold: 0.0000 mm
               
    Using Parallel OpenCL for Computation
             No iteration limit specified
                  
            ArcGIS file header
                         NCOLS 5877
                         NROWS 5519
                     XLLCORNER  572217.0
                     YLLCORNER 5760951.0
                      CELLSIZE      10.0
                  NODATA_VALUE  -10000.0
           Setting array sizes
           
1471 
        Using OpenCL GPU for Computation
0 
0 
         section size    iteration column size    start from 
0 :         1471                  1469            0   
1 :         1471                  1469            1470   
2 :         1471                  1469            2940   
3 :         1466                  1464            4410   
           
    Water file will be created
               
            Doing calculations
     iterations        max diff        run time
                         (m)             (s)
        1000         0.907825          25.67
        2000         0.303006          51.57
        3000         0.191839          78.21
        4000         0.134343         105.08
        5000         0.096853         131.69
        6000         0.048232         158.78
        7000         0.014343         186.04
        8000         0.013453         212.99
        9000         0.020009         240.04
        10000         0.011726         266.98
        11000         0.006985         293.83
        12000         0.006239         320.74
        13000         0.005721         347.38
        14000         0.005249         374.14
        15000         0.004817         400.67
        16000         0.004918         427.34
        17000         0.004061         453.66
        18000         0.003729         480.18
        19000         0.003425         506.39
        20000         0.003146         532.75
        21000         0.002890         558.82
        22000         0.002654         585.05
        23000         0.002439         611.04
        24000         0.002240         637.15
        25000         0.002058         663.03
        26000         0.001891         689.00
        27000         0.001751         714.80
        28000         0.001738         740.65
        29000         0.001726         766.35
        30000         0.001714         792.08
        31000         0.001701         817.69
        32000         0.001688         843.31
        33000         0.001676         868.84
        34000         0.001663         894.36
        35000         0.001650         919.81
        36000         0.001637         945.24
        37000         0.001623         970.65
        38000         0.001610         996.06
        39000         0.001597        1021.46
        40000         0.001584        1046.85
        41000         0.001571        1072.22
        42000         0.001558        1097.61
        43000         0.001544        1122.99
        44000         0.001531        1148.36
        45000         0.001518        1173.74
        46000         0.001505        1199.11
        47000         0.001492        1224.48
        48000         0.001479        1249.84
        49000         0.001467        1275.20
        50000         0.001454        1300.56
        51000         0.001441        1325.93
        52000         0.001428        1351.28
        53000         0.001416        1376.64
        54000         0.001403        1402.00
        55000         0.001391        1427.35
        56000         0.001379        1452.70
        57000         0.001366        1478.07
        58000         0.001354        1503.43
        59000         0.001342        1528.78
        60000         0.001330        1554.13
        61000         0.001318        1579.48
        62000         0.001306        1604.83
        63000         0.001295        1630.17
        64000         0.001283        1655.51
        65000         0.001272        1680.86
        66000         0.001260        1706.20
        67000         0.001249        1732.10
        68000         0.001238        1757.45
        69000         0.001226        1782.80
        70000         0.001215        1808.26
        71000         0.001204        1833.61
        72000         0.001193        1858.95
        73000         0.001183        1884.29
        74000         0.001172        1909.63
        75000         0.001161        1934.97
        76000         0.001151        1960.32
        77000         0.001140        1985.66
        78000         0.001130        2010.99
        79000         0.001120        2036.33
        80000         0.001110        2061.67
        81000         0.001100        2087.00
        82000         0.001090        2112.33
        83000         0.001080        2137.67
        84000         0.001070        2163.01
        85000         0.001060        2188.34
        86000         0.001051        2213.67
        87000         0.001041        2239.01
        88000         0.001032        2264.34
        89000         0.001022        2289.67
        90000         0.001013        2315.00
        91000         0.001004        2340.33
        92000         0.000995        2365.66
                     
              WDPM run summary
      Initial volume        0.0 m3
        Final volume  1885022.7 m3
       Volume change  1885022.7 m3
Final water coverage      0.058 
    Mean water depth       17.3 mm
     Max water depth     1004.6 mm 
     Iteration limit 0
            Run Time    2406.44 s
Thu Jun 20 16:49:11 2024       
+-----------------------------------------------------------------------------------------+
| NVIDIA-SMI 550.54.15              Driver Version: 550.54.15      CUDA Version: 12.4     |
|-----------------------------------------+------------------------+----------------------+
| GPU  Name                 Persistence-M | Bus-Id          Disp.A | Volatile Uncorr. ECC |
| Fan  Temp   Perf          Pwr:Usage/Cap |           Memory-Usage | GPU-Util  Compute M. |
|                                         |                        |               MIG M. |
|=========================================+========================+======================|
|   0  Tesla P100-PCIE-12GB           On  |   00000000:03:00.0 Off |                    0 |
| N/A   33C    P0             29W /  250W |       0MiB /  12288MiB |      0%      Default |
|                                         |                        |                  N/A |
+-----------------------------------------+------------------------+----------------------+
|   1  Tesla P100-PCIE-12GB           On  |   00000000:04:00.0 Off |                    0 |
| N/A   34C    P0             30W /  250W |       0MiB /  12288MiB |      5%      Default |
|                                         |                        |                  N/A |
+-----------------------------------------+------------------------+----------------------+
|   2  Tesla P100-PCIE-12GB           On  |   00000000:82:00.0 Off |                    0 |
| N/A   34C    P0             29W /  250W |       0MiB /  12288MiB |      0%      Default |
|                                         |                        |                  N/A |
+-----------------------------------------+------------------------+----------------------+
|   3  Tesla P100-PCIE-12GB           On  |   00000000:83:00.0 Off |                    0 |
| N/A   32C    P0             29W /  250W |       0MiB /  12288MiB |      7%      Default |
|                                         |                        |                  N/A |
+-----------------------------------------+------------------------+----------------------+
                                                                                         
+-----------------------------------------------------------------------------------------+
| Processes:                                                                              |
|  GPU   GI   CI        PID   Type   Process name                              GPU Memory |
|        ID   ID                                                               Usage      |
|=========================================================================================|
|  No running processes found                                                             |
+-----------------------------------------------------------------------------------------+
                                                                   
                                                                   
WDPM_add 1.0 - Wetland DEM Ponding Model - parallel version
Copyright (C) 2010,2012 Kevin Shook, Centre for Hydrology
--------------------------------------------------------------------
                                                                   
This program is free software: you can redistribute it and/or modify
it under the terms of the GNU General Public License as published by
the Free Software Foundation, either version 3 of the License, or
(at your option) any later version.
                                                                   
This program is distributed in the hope that it will be useful,
but WITHOUT ANY WARRANTY; without even the implied warranty of
MERCHANTABILITY or FITNESS FOR A PARTICULAR PURPOSE.  See the
GNU General Public License for more details.
                                                                   
You should have received a copy of the GNU General Public License
along with this program.  If not, see <http://www.gnu.org/licenses/>.
                                                                   
This program adds water to an ArcGIS ASCII file of water runoff
and redistributes water over the DEM
From the algorithm of Shapiro, M., & Westervelt, J. (1992). 
An Algebra for GIS and Image Processing (pp. 1-22).
                                                                   
                                                                   
               WDPM Parameters
                Function used: add
                     DEM file: patched_YQ.asc
                   Water file: null
                  Output file: water.asc
                 Scratch file: null
                  Water added: 1.0 mm
              Runoff fraction: 1.0
          Elevation tolerance: 1.0 mm
         Zero depth threshold: 0.0000 mm
               
    Using Parallel OpenCL for Computation
             No iteration limit specified
                  
            ArcGIS file header
                         NCOLS 5877
                         NROWS 5519
                     XLLCORNER  572217.0
                     YLLCORNER 5760951.0
                      CELLSIZE      10.0
                  NODATA_VALUE  -10000.0
           Setting array sizes
           
The number of balance active cell is 4712556 
        Using OpenCL GPU for Computation
section: 1756, iteration: 1754, offset: 0, cur_col: 1755 
section: 1165, iteration: 1163, offset: 1755, cur_col: 2920 
section: 1111, iteration: 1109, offset: 2919, cur_col: 4031 
section: 1847, iteration: 1845, offset: 4029, cur_col: 4031 
         section size    iteration column size    start from 
0 :         1756                  1754            0   
1 :         1165                  1163            1755   
2 :         1111                  1109            2919   
3 :         1847                  1845            4029   
           
    Water file will be created
               
            Doing calculations
     iterations        max diff        run time
                         (m)             (s)
        1000         0.907314          22.24
        2000         0.303006          44.99
        3000         0.191839          68.62
        4000         0.134343          92.51
        5000         0.096853         116.37
        6000         0.048232         140.93
        7000         0.014343         165.56
        8000         0.013453         190.55
        9000         0.020009         215.21
        10000         0.011726         240.21
        11000         0.006985         264.84
        12000         0.006236         289.80
        13000         0.005719         314.39
        14000         0.005247         339.29
        15000         0.004815         363.82
        16000         0.004918         388.62
        17000         0.004059         413.07
        18000         0.003727         437.76
        19000         0.003423         462.13
        20000         0.003145         486.71
        21000         0.002888         510.99
        22000         0.002653         535.36
        23000         0.002438         559.63
        24000         0.002239         583.91
        25000         0.002057         608.09
        26000         0.001890         632.27
        27000         0.001751         656.40
        28000         0.001738         680.41
        29000         0.001726         704.53
        30000         0.001714         728.46
        31000         0.001701         752.47
        32000         0.001688         776.34
        33000         0.001676         800.26
        34000         0.001663         824.07
        35000         0.001650         847.90
        36000         0.001637         871.64
        37000         0.001623         895.40
        38000         0.001610         919.09
        39000         0.001597         942.77
        40000         0.001584         966.42
        41000         0.001571         990.08
        42000         0.001558        1013.73
        43000         0.001544        1037.39
        44000         0.001531        1061.05
        45000         0.001518        1084.70
        46000         0.001505        1108.35
        47000         0.001492        1132.00
        48000         0.001479        1155.65
        49000         0.001467        1179.30
        50000         0.001454        1202.95
        51000         0.001441        1226.59
        52000         0.001428        1250.22
        53000         0.001416        1273.87
        54000         0.001403        1297.50
        55000         0.001391        1321.14
        56000         0.001379        1344.78
        57000         0.001366        1368.42
        58000         0.001354        1392.06
        59000         0.001342        1415.69
        60000         0.001330        1439.32
        61000         0.001318        1462.96
        62000         0.001306        1486.59
        63000         0.001295        1510.24
        64000         0.001283        1533.87
        65000         0.001272        1557.50
        66000         0.001260        1581.14
        67000         0.001249        1604.78
        68000         0.001238        1628.41
        69000         0.001226        1652.04
        70000         0.001215        1675.66
        71000         0.001204        1699.30
        72000         0.001193        1722.93
        73000         0.001183        1746.57
        74000         0.001172        1770.20
        75000         0.001161        1793.83
        76000         0.001151        1817.46
        77000         0.001140        1841.09
        78000         0.001130        1864.72
        79000         0.001120        1888.36
        80000         0.001110        1911.98
        81000         0.001100        1935.61
        82000         0.001090        1959.24
        83000         0.001080        1982.87
        84000         0.001070        2006.50
        85000         0.001060        2030.13
        86000         0.001051        2053.75
        87000         0.001041        2077.38
        88000         0.001032        2101.00
        89000         0.001022        2124.63
        90000         0.001013        2148.25
        91000         0.001004        2171.88
        92000         0.000995        2195.49
                     
              WDPM run summary
      Initial volume        0.0 m3
        Final volume  1885022.7 m3
       Volume change  1885022.7 m3
Final water coverage      0.058 
    Mean water depth       17.3 mm
     Max water depth     1004.6 mm 
     Iteration limit 0
            Run Time    2217.32 s
Thu Jun 20 17:26:22 2024       
+-----------------------------------------------------------------------------------------+
| NVIDIA-SMI 550.54.15              Driver Version: 550.54.15      CUDA Version: 12.4     |
|-----------------------------------------+------------------------+----------------------+
| GPU  Name                 Persistence-M | Bus-Id          Disp.A | Volatile Uncorr. ECC |
| Fan  Temp   Perf          Pwr:Usage/Cap |           Memory-Usage | GPU-Util  Compute M. |
|                                         |                        |               MIG M. |
|=========================================+========================+======================|
|   0  Tesla P100-PCIE-12GB           On  |   00000000:03:00.0 Off |                    0 |
| N/A   34C    P0             29W /  250W |       0MiB /  12288MiB |      8%      Default |
|                                         |                        |                  N/A |
+-----------------------------------------+------------------------+----------------------+
|   1  Tesla P100-PCIE-12GB           On  |   00000000:04:00.0 Off |                    0 |
| N/A   34C    P0             30W /  250W |       0MiB /  12288MiB |      0%      Default |
|                                         |                        |                  N/A |
+-----------------------------------------+------------------------+----------------------+
|   2  Tesla P100-PCIE-12GB           On  |   00000000:82:00.0 Off |                    0 |
| N/A   35C    P0             30W /  250W |       0MiB /  12288MiB |      8%      Default |
|                                         |                        |                  N/A |
+-----------------------------------------+------------------------+----------------------+
|   3  Tesla P100-PCIE-12GB           On  |   00000000:83:00.0 Off |                    0 |
| N/A   34C    P0             29W /  250W |       0MiB /  12288MiB |      8%      Default |
|                                         |                        |                  N/A |
+-----------------------------------------+------------------------+----------------------+
                                                                                         
+-----------------------------------------------------------------------------------------+
| Processes:                                                                              |
|  GPU   GI   CI        PID   Type   Process name                              GPU Memory |
|        ID   ID                                                               Usage      |
|=========================================================================================|
|  No running processes found                                                             |
+-----------------------------------------------------------------------------------------+
                                                                   
                                                                   
WDPM_add 1.0 - Wetland DEM Ponding Model - parallel version
Copyright (C) 2010,2012 Kevin Shook, Centre for Hydrology
--------------------------------------------------------------------
                                                                   
This program is free software: you can redistribute it and/or modify
it under the terms of the GNU General Public License as published by
the Free Software Foundation, either version 3 of the License, or
(at your option) any later version.
                                                                   
This program is distributed in the hope that it will be useful,
but WITHOUT ANY WARRANTY; without even the implied warranty of
MERCHANTABILITY or FITNESS FOR A PARTICULAR PURPOSE.  See the
GNU General Public License for more details.
                                                                   
You should have received a copy of the GNU General Public License
along with this program.  If not, see <http://www.gnu.org/licenses/>.
                                                                   
This program adds water to an ArcGIS ASCII file of water runoff
and redistributes water over the DEM
From the algorithm of Shapiro, M., & Westervelt, J. (1992). 
An Algebra for GIS and Image Processing (pp. 1-22).
                                                                   
                                                                   
               WDPM Parameters
                Function used: add
                     DEM file: smithcreek_dem1m_sb5.asc
                   Water file: null
                  Output file: water.asc
                 Scratch file: null
                  Water added: 1.0 mm
              Runoff fraction: 1.0
          Elevation tolerance: 1.0 mm
         Zero depth threshold: 0.0000 mm
               
    Using Parallel OpenCL for Computation
             No iteration limit specified
                  
            ArcGIS file header
                         ncols 4712
                         nrows 4826
                     xllcorner  313418.0
                     yllcorner 5632507.0
                      cellsize       1.0
                  NODATA_value   -9999.0
           Setting array sizes
           
1180 
        Using OpenCL GPU for Computation
0 
0 
         section size    iteration column size    start from 
0 :         1180                  1178            0   
1 :         1180                  1178            1179   
2 :         1180                  1178            2358   
3 :         1174                  1172            3537   
           
    Water file will be created
               
            Doing calculations
     iterations        max diff        run time
                         (m)             (s)
        1000         0.651426          18.26
        2000         0.137254          36.52
        3000         0.139246          55.15
        4000         0.051093          74.00
        5000         0.034290          92.88
        6000         0.037835         112.82
        7000         0.053871         134.19
        8000         0.024171         155.90
        9000         0.054208         177.63
        10000         0.097181         199.53
        11000         0.025466         221.47
        12000         0.024960         243.43
        13000         0.027676         265.32
        14000         0.058213         287.34
        15000         0.018604         309.16
        16000         0.026285         331.14
        17000         0.014867         352.91
        18000         0.023733         374.83
        19000         0.035009         396.57
        20000         0.016034         418.42
        21000         0.005869         440.11
        22000         0.007180         461.77
        23000         0.005272         483.50
        24000         0.005036         505.08
        25000         0.004979         526.71
        26000         0.012150         548.25
        27000         0.008155         569.81
        28000         0.008649         591.27
        29000         0.003972         612.73
        30000         0.003653         634.14
        31000         0.003290         655.53
        32000         0.003194         676.90
        33000         0.003036         698.26
        34000         0.002725         719.62
        35000         0.002635         740.96
        36000         0.002541         762.32
        37000         0.002406         783.68
        38000         0.003719         805.04
        39000         0.002864         826.39
        40000         0.002838         847.76
        41000         0.002355         869.13
        42000         0.002294         890.49
        43000         0.002092         911.85
        44000         0.001955         933.23
        45000         0.001851         954.59
        46000         0.001748         975.95
        47000         0.002501         997.33
        48000         0.001469        1018.71
        49000         0.001351        1040.12
        50000         0.001100        1061.56
        51000         0.000968        1083.02
                     
              WDPM run summary
      Initial volume        0.0 m3
        Final volume    11003.6 m3
       Volume change    11003.6 m3
Final water coverage      0.042 
    Mean water depth       24.0 mm
     Max water depth      550.0 mm 
     Iteration limit 0
            Run Time    1096.29 s
Thu Jun 20 17:44:47 2024       
+-----------------------------------------------------------------------------------------+
| NVIDIA-SMI 550.54.15              Driver Version: 550.54.15      CUDA Version: 12.4     |
|-----------------------------------------+------------------------+----------------------+
| GPU  Name                 Persistence-M | Bus-Id          Disp.A | Volatile Uncorr. ECC |
| Fan  Temp   Perf          Pwr:Usage/Cap |           Memory-Usage | GPU-Util  Compute M. |
|                                         |                        |               MIG M. |
|=========================================+========================+======================|
|   0  Tesla P100-PCIE-12GB           On  |   00000000:03:00.0 Off |                    0 |
| N/A   33C    P0             29W /  250W |       0MiB /  12288MiB |      0%      Default |
|                                         |                        |                  N/A |
+-----------------------------------------+------------------------+----------------------+
|   1  Tesla P100-PCIE-12GB           On  |   00000000:04:00.0 Off |                    0 |
| N/A   35C    P0             30W /  250W |       0MiB /  12288MiB |      0%      Default |
|                                         |                        |                  N/A |
+-----------------------------------------+------------------------+----------------------+
|   2  Tesla P100-PCIE-12GB           On  |   00000000:82:00.0 Off |                    0 |
| N/A   35C    P0             30W /  250W |       0MiB /  12288MiB |      8%      Default |
|                                         |                        |                  N/A |
+-----------------------------------------+------------------------+----------------------+
|   3  Tesla P100-PCIE-12GB           On  |   00000000:83:00.0 Off |                    0 |
| N/A   32C    P0             29W /  250W |       0MiB /  12288MiB |      8%      Default |
|                                         |                        |                  N/A |
+-----------------------------------------+------------------------+----------------------+
                                                                                         
+-----------------------------------------------------------------------------------------+
| Processes:                                                                              |
|  GPU   GI   CI        PID   Type   Process name                              GPU Memory |
|        ID   ID                                                               Usage      |
|=========================================================================================|
|  No running processes found                                                             |
+-----------------------------------------------------------------------------------------+
                                                                   
                                                                   
WDPM_add 1.0 - Wetland DEM Ponding Model - parallel version
Copyright (C) 2010,2012 Kevin Shook, Centre for Hydrology
--------------------------------------------------------------------
                                                                   
This program is free software: you can redistribute it and/or modify
it under the terms of the GNU General Public License as published by
the Free Software Foundation, either version 3 of the License, or
(at your option) any later version.
                                                                   
This program is distributed in the hope that it will be useful,
but WITHOUT ANY WARRANTY; without even the implied warranty of
MERCHANTABILITY or FITNESS FOR A PARTICULAR PURPOSE.  See the
GNU General Public License for more details.
                                                                   
You should have received a copy of the GNU General Public License
along with this program.  If not, see <http://www.gnu.org/licenses/>.
                                                                   
This program adds water to an ArcGIS ASCII file of water runoff
and redistributes water over the DEM
From the algorithm of Shapiro, M., & Westervelt, J. (1992). 
An Algebra for GIS and Image Processing (pp. 1-22).
                                                                   
                                                                   
               WDPM Parameters
                Function used: add
                     DEM file: smithcreek_dem1m_sb5.asc
                   Water file: null
                  Output file: water.asc
                 Scratch file: null
                  Water added: 1.0 mm
              Runoff fraction: 1.0
          Elevation tolerance: 1.0 mm
         Zero depth threshold: 0.0000 mm
               
    Using Parallel OpenCL for Computation
             No iteration limit specified
                  
            ArcGIS file header
                         ncols 4712
                         nrows 4826
                     xllcorner  313418.0
                     yllcorner 5632507.0
                      cellsize       1.0
                  NODATA_value   -9999.0
           Setting array sizes
           
The number of balance active cell is 2750899 
        Using OpenCL GPU for Computation
section: 1354, iteration: 1352, offset: 0, cur_col: 1353 
section: 730, iteration: 728, offset: 1353, cur_col: 2083 
section: 838, iteration: 836, offset: 2082, cur_col: 2921 
section: 1792, iteration: 1790, offset: 2919, cur_col: 2921 
         section size    iteration column size    start from 
0 :         1354                  1352            0   
1 :         730                  728            1353   
2 :         838                  836            2082   
3 :         1792                  1790            2919   
           
    Water file will be created
               
            Doing calculations
     iterations        max diff        run time
                         (m)             (s)
        1000         0.650385          15.69
        2000         0.137234          31.55
        3000         0.139194          47.84
        4000         0.051098          64.39
        5000         0.034290          80.99
        6000         0.037835          98.90
        7000         0.053871         118.35
        8000         0.024171         138.48
        9000         0.054208         158.58
        10000         0.097180         178.93
        11000         0.025466         199.22
        12000         0.024960         219.68
        13000         0.027677         239.96
        14000         0.058212         260.46
        15000         0.018647         280.73
        16000         0.026265         301.11
        17000         0.014863         321.45
        18000         0.023718         341.69
        19000         0.035009         362.10
        20000         0.016043         382.30
        21000         0.005867         402.62
        22000         0.007203         422.77
        23000         0.005272         442.90
        24000         0.005036         463.07
        25000         0.004979         483.14
        26000         0.012148         503.31
        27000         0.008146         523.37
        28000         0.008650         543.45
        29000         0.003972         563.44
        30000         0.003653         583.40
        31000         0.003290         603.35
        32000         0.003194         623.23
        33000         0.003036         643.09
        34000         0.002726         662.92
        35000         0.002635         682.73
        36000         0.002541         702.55
        37000         0.002407         722.41
        38000         0.003719         742.26
        39000         0.002864         762.10
        40000         0.002838         781.96
        41000         0.002355         801.80
        42000         0.002332         821.66
        43000         0.002092         841.51
        44000         0.001955         861.35
        45000         0.001851         881.21
        46000         0.001748         901.06
        47000         0.002532         920.91
        48000         0.001469         940.76
        49000         0.001343         960.60
        50000         0.001100         980.47
        51000         0.000968        1000.32
                     
              WDPM run summary
      Initial volume        0.0 m3
        Final volume    11003.6 m3
       Volume change    11003.6 m3
Final water coverage      0.042 
    Mean water depth       24.0 mm
     Max water depth      550.0 mm 
     Iteration limit 0
            Run Time    1013.57 s
